
RevBayes version (1.2.3)
Build from read_simmap (rapture-2810-g799e73) on Mon Sep  2 12:46:43 CEST 2024
MPI enabled: using 2 processes.

Visit the website www.RevBayes.com for more information about RevBayes.

RevBayes is free software released under the GPL license, version 3. Type 'license()' for details.

To quit RevBayes type 'quit()' or 'q()'.


>    Processing file "scripts/2_simulation/false_positive/DPP.Rev"
   Attempting to read the contents of file "mammal_diet_perMY_n500.tre"
   Successfully read file
   Successfully read one character matrix from file 'data/2_simulation/false_positive/sim_2/continuous_stateless.nex'
   Successfully read one character matrix from file 'data/2_simulation/false_positive/sim_2/discrete.nex'
   
   Running burn-in phase of Monte Carlo sampler for 5000 iterations.
   This simulation runs 1 independent replicate.
   The simulator uses 7 different moves in a random move schedule with 405 moves per iteration
   

Progress:
0---------------25---------------50---------------75--------------100
********************************************************************

   
   Running MCMC simulation
   This simulation runs 1 independent replicate.
   The simulator uses 7 different moves in a random move schedule with 405 moves per iteration
   

Iter        |      Posterior   |     Likelihood   |          Prior   |       alpha[1]      |    alpha[2]   |    elapsed   |        ETA   |
------------------------------------------------------------------------------------------------------------------------------------------
0           |       -1505.24   |       -1509.88   |        4.64025   |      0.0118948      |   0.0118948   |   00:00:00   |   --:--:--   |
1000        |       -1556.05   |       -1560.46   |         4.4168   |      0.0136015      |   0.0136015   |   00:11:28   |   --:--:--   |
2000        |        -1472.4   |       -1477.08   |        4.68239   |      0.0110011      |   0.0110011   |   00:22:56   |   09:10:24   |
3000        |       -1549.49   |       -1554.04   |        4.55411   |      0.0107339      |   0.0107339   |   00:34:25   |   08:59:11   |
4000        |       -1554.01   |       -1558.69   |        4.67693   |       0.010653      |    0.010653   |   00:45:52   |   08:47:28   |
5000        |       -1458.37   |       -1463.01   |        4.63942   |     0.00679669      |  0.00679669   |   00:57:18   |   08:35:42   |
6000        |       -1503.28   |       -1507.96   |        4.67977   |     0.00678515      |  0.00678515   |   01:08:46   |   08:24:17   |
7000        |       -1553.27   |       -1557.95   |        4.67585   |      0.0125208      |   0.0125208   |   01:20:15   |   08:12:57   |
8000        |       -1594.95   |       -1599.35   |        4.40113   |     0.00830191      |  0.00830191   |   01:31:44   |   08:01:36   |
9000        |       -1631.04   |       -1635.55   |        4.51034   |     0.00772304      |  0.00772304   |   01:43:11   |   07:50:03   |
10000       |       -1511.08   |       -1515.72   |         4.6422   |      0.0162935      |   0.0162935   |   01:54:38   |   07:38:32   |
11000       |       -1491.66   |       -1496.33   |        4.67195   |      0.0108912      |   0.0108912   |   02:06:04   |   07:26:57   |
12000       |       -1521.44   |       -1525.98   |        4.53594   |       0.010295      |    0.010295   |   02:17:36   |   07:15:44   |
13000       |       -1504.96   |       -1509.41   |        4.44959   |      0.0101264      |   0.0101264   |   02:29:03   |   07:04:13   |
14000       |       -1521.28   |       -1525.89   |        4.60832   |      0.0112984      |   0.0112984   |   02:40:31   |   06:52:45   |
15000       |       -1521.89   |       -1526.57   |        4.67946   |     0.00811816      |  0.00811816   |   02:52:00   |   06:41:20   |
16000       |       -1530.06   |       -1534.71   |        4.64233   |      0.0103911      |   0.0103911   |   03:03:30   |   06:29:56   |
17000       |       -1521.62   |       -1526.31   |        4.68214   |     0.00740971      |  0.00740971   |   03:14:54   |   06:18:20   |
18000       |       -1539.64   |       -1543.89   |         4.2426   |     0.00934455      |  0.00934455   |   03:26:23   |   06:06:54   |
19000       |       -1511.39   |       -1516.07   |        4.68251   |      0.0097458      |   0.0097458   |   03:37:50   |   05:55:24   |


Iter        |      Posterior   |     Likelihood   |          Prior   |       alpha[1]      |    alpha[2]   |    elapsed   |        ETA   |
------------------------------------------------------------------------------------------------------------------------------------------
20000       |       -1616.97   |       -1621.57   |        4.59557   |     0.00958865      |  0.00958865   |   03:49:17   |   05:43:55   |
21000       |       -1453.74   |       -1458.41   |        4.67167   |      0.0137751      |   0.0137751   |   04:00:45   |   05:32:27   |
22000       |        -1550.7   |       -1555.36   |         4.6603   |     0.00851146      |  0.00851146   |   04:12:14   |   05:21:01   |
23000       |       -1464.62   |       -1469.25   |        4.63614   |     0.00871611      |  0.00871611   |   04:23:44   |   05:09:36   |
24000       |        -1499.3   |       -1503.95   |        4.64603   |     0.00654469      |  0.00654469   |   04:35:10   |   04:58:05   |
25000       |       -1501.36   |       -1506.03   |        4.67083   |      0.0092788      |   0.0092788   |   04:46:43   |   04:46:43   |
26000       |       -1521.64   |       -1526.24   |        4.59737   |     0.00768991      |  0.00768991   |   04:58:11   |   04:35:14   |
27000       |       -1574.31   |       -1578.83   |        4.52156   |     0.00706112      |  0.00706112   |   05:09:37   |   04:23:44   |
28000       |       -1526.78   |       -1531.46   |        4.68252   |     0.00709817      |  0.00709817   |   05:21:08   |   04:12:19   |
29000       |       -1549.34   |       -1553.97   |        4.63017   |      0.0095481      |   0.0095481   |   05:32:37   |   04:00:51   |
30000       |       -1509.06   |       -1513.71   |        4.65006   |      0.0103737      |   0.0103737   |   05:44:06   |   03:49:24   |
31000       |       -1542.42   |       -1547.06   |        4.64172   |     0.00375944      |  0.00375944   |   05:55:19   |   03:37:46   |
32000       |       -1513.07   |       -1517.74   |        4.66329   |     0.00676586      |  0.00676586   |   06:06:31   |   03:26:09   |
33000       |       -1527.06   |       -1531.73   |        4.66749   |      0.0136079      |   0.0136079   |   06:17:45   |   03:14:35   |
34000       |       -1487.32   |       -1491.99   |        4.67422   |     0.00755361      |  0.00755361   |   06:28:59   |   03:03:03   |
35000       |       -1501.02   |        -1505.7   |        4.68056   |     0.00910061      |  0.00910061   |   06:40:13   |   02:51:31   |
36000       |       -1568.78   |       -1573.37   |        4.59614   |     0.00739602      |  0.00739602   |   06:51:27   |   02:40:00   |
37000       |       -1590.13   |       -1594.69   |        4.55869   |     0.00861115      |  0.00861115   |   07:02:42   |   02:28:30   |
38000       |       -1564.41   |        -1568.9   |         4.4837   |     0.00787801      |  0.00787801   |   07:13:42   |   02:16:57   |
39000       |       -1519.43   |        -1524.1   |        4.67169   |     0.00425162      |  0.00425162   |   07:24:43   |   02:05:25   |


Iter        |      Posterior   |     Likelihood   |          Prior   |       alpha[1]      |    alpha[2]   |    elapsed   |        ETA   |
------------------------------------------------------------------------------------------------------------------------------------------
40000       |       -1526.37   |       -1531.05   |        4.68249   |      0.0106145      |   0.0106145   |   07:35:39   |   01:53:54   |
41000       |       -1525.09   |       -1529.77   |        4.67951   |     0.00954998      |  0.00954998   |   07:46:40   |   01:42:26   |
42000       |       -1553.93   |       -1558.49   |        4.55931   |     0.00755705      |  0.00755705   |   07:57:38   |   01:30:58   |
43000       |       -1493.83   |       -1498.43   |        4.60431   |      0.0065799      |   0.0065799   |   08:08:38   |   01:19:32   |
44000       |       -1458.72   |       -1463.37   |         4.6438   |      0.0119527      |   0.0119527   |   08:19:35   |   01:08:07   |
45000       |       -1563.78   |       -1568.11   |        4.33598   |     0.00911043      |  0.00911043   |   08:30:34   |   00:56:43   |
46000       |       -1526.73   |       -1531.34   |        4.60951   |     0.00580973      |  0.00580973   |   08:41:31   |   00:45:20   |
47000       |        -1498.7   |       -1503.32   |        4.61423   |     0.00799812      |  0.00799812   |   08:52:28   |   00:33:59   |
48000       |       -1518.39   |       -1522.87   |        4.47266   |      0.0117574      |   0.0117574   |   09:03:28   |   00:22:38   |
49000       |       -1520.54   |       -1525.17   |        4.63633   |     0.00852979      |  0.00852979   |   09:14:26   |   00:11:18   |
50000       |       -1502.28   |       -1506.96   |        4.67939   |      0.0104636      |   0.0104636   |   09:25:25   |   00:00:00   |
